c:\users\pccom\documents\trabajando ahora\práctica motores\proyectomotor\demo\projects\vs-2019\x64\debug\vc142.pdb
c:\users\pccom\documents\trabajando ahora\práctica motores\proyectomotor\demo\projects\vs-2019\x64\debug\vc142.idb
c:\users\pccom\documents\trabajando ahora\práctica motores\proyectomotor\demo\projects\vs-2019\x64\debug\main.obj
c:\users\pccom\documents\trabajando ahora\práctica motores\proyectomotor\demo\projects\vs-2019\x64\debug\playercontroller.obj
c:\users\pccom\documents\trabajando ahora\práctica motores\proyectomotor\demo\projects\vs-2019\x64\debug\demo.lib
c:\users\pccom\documents\trabajando ahora\práctica motores\proyectomotor\demo\projects\vs-2019\x64\debug\demo.exp
c:\users\pccom\documents\trabajando ahora\práctica motores\proyectomotor\demo\projects\vs-2019\x64\debug\playercontroller.obj.enc
c:\users\pccom\documents\trabajando ahora\práctica motores\proyectomotor\demo\projects\vs-2019\x64\debug\engine.pdb
c:\users\pccom\documents\trabajando ahora\práctica motores\proyectomotor\demo\projects\vs-2019\x64\debug\demo.tlog\cl.command.1.tlog
c:\users\pccom\documents\trabajando ahora\práctica motores\proyectomotor\demo\projects\vs-2019\x64\debug\demo.tlog\cl.read.1.tlog
c:\users\pccom\documents\trabajando ahora\práctica motores\proyectomotor\demo\projects\vs-2019\x64\debug\demo.tlog\cl.write.1.tlog
c:\users\pccom\documents\trabajando ahora\práctica motores\proyectomotor\demo\projects\vs-2019\x64\debug\demo.tlog\demo.write.1u.tlog
c:\users\pccom\documents\trabajando ahora\práctica motores\proyectomotor\demo\projects\vs-2019\x64\debug\demo.tlog\link.3388-cvtres.read.1.tlog
c:\users\pccom\documents\trabajando ahora\práctica motores\proyectomotor\demo\projects\vs-2019\x64\debug\demo.tlog\link.3388-cvtres.write.1.tlog
c:\users\pccom\documents\trabajando ahora\práctica motores\proyectomotor\demo\projects\vs-2019\x64\debug\demo.tlog\link.3388-rc.read.1.tlog
c:\users\pccom\documents\trabajando ahora\práctica motores\proyectomotor\demo\projects\vs-2019\x64\debug\demo.tlog\link.3388-rc.write.1.tlog
c:\users\pccom\documents\trabajando ahora\práctica motores\proyectomotor\demo\projects\vs-2019\x64\debug\demo.tlog\link.3388.read.1.tlog
c:\users\pccom\documents\trabajando ahora\práctica motores\proyectomotor\demo\projects\vs-2019\x64\debug\demo.tlog\link.3388.write.1.tlog
c:\users\pccom\documents\trabajando ahora\práctica motores\proyectomotor\demo\projects\vs-2019\x64\debug\demo.tlog\link.command.1.tlog
c:\users\pccom\documents\trabajando ahora\práctica motores\proyectomotor\demo\projects\vs-2019\x64\debug\demo.tlog\link.read.1.tlog
c:\users\pccom\documents\trabajando ahora\práctica motores\proyectomotor\demo\projects\vs-2019\x64\debug\demo.tlog\link.write.1.tlog
