c:\users\pccom\documents\trabajando ahora\práctica motores\proyectomotor\engine\projects\vs-2019\x64\debug\engine.pdb
c:\users\pccom\documents\trabajando ahora\práctica motores\proyectomotor\engine\projects\vs-2019\x64\debug\engine.idb
c:\users\pccom\documents\trabajando ahora\práctica motores\proyectomotor\engine\projects\vs-2019\x64\debug\winmain.obj
c:\users\pccom\documents\trabajando ahora\práctica motores\proyectomotor\engine\projects\vs-2019\x64\debug\window.obj
c:\users\pccom\documents\trabajando ahora\práctica motores\proyectomotor\engine\projects\vs-2019\x64\debug\updatetask.obj
c:\users\pccom\documents\trabajando ahora\práctica motores\proyectomotor\engine\projects\vs-2019\x64\debug\transformcomponent.obj
c:\users\pccom\documents\trabajando ahora\práctica motores\proyectomotor\engine\projects\vs-2019\x64\debug\task.obj
c:\users\pccom\documents\trabajando ahora\práctica motores\proyectomotor\engine\projects\vs-2019\x64\debug\scene.obj
c:\users\pccom\documents\trabajando ahora\práctica motores\proyectomotor\engine\projects\vs-2019\x64\debug\rendertask.obj
c:\users\pccom\documents\trabajando ahora\práctica motores\proyectomotor\engine\projects\vs-2019\x64\debug\rendercomponent.obj
c:\users\pccom\documents\trabajando ahora\práctica motores\proyectomotor\engine\projects\vs-2019\x64\debug\lightcomponent.obj
c:\users\pccom\documents\trabajando ahora\práctica motores\proyectomotor\engine\projects\vs-2019\x64\debug\keyboard.obj
c:\users\pccom\documents\trabajando ahora\práctica motores\proyectomotor\engine\projects\vs-2019\x64\debug\kernel.obj
c:\users\pccom\documents\trabajando ahora\práctica motores\proyectomotor\engine\projects\vs-2019\x64\debug\inputtask.obj
c:\users\pccom\documents\trabajando ahora\práctica motores\proyectomotor\engine\projects\vs-2019\x64\debug\entity.obj
c:\users\pccom\documents\trabajando ahora\práctica motores\proyectomotor\engine\projects\vs-2019\x64\debug\component.obj
c:\users\pccom\documents\trabajando ahora\práctica motores\proyectomotor\engine\projects\vs-2019\x64\debug\cameracomponent.obj
c:\users\pccom\documents\trabajando ahora\práctica motores\proyectomotor\demo\projects\vs-2019\x64\debug\engine.lib
c:\users\pccom\documents\trabajando ahora\práctica motores\proyectomotor\engine\projects\vs-2019\x64\debug\inputtask.obj.enc
c:\users\pccom\documents\trabajando ahora\práctica motores\proyectomotor\engine\projects\vs-2019\x64\debug\engine.tlog\cl.command.1.tlog
c:\users\pccom\documents\trabajando ahora\práctica motores\proyectomotor\engine\projects\vs-2019\x64\debug\engine.tlog\cl.read.1.tlog
c:\users\pccom\documents\trabajando ahora\práctica motores\proyectomotor\engine\projects\vs-2019\x64\debug\engine.tlog\cl.write.1.tlog
c:\users\pccom\documents\trabajando ahora\práctica motores\proyectomotor\engine\projects\vs-2019\x64\debug\engine.tlog\lib-link.read.1.tlog
c:\users\pccom\documents\trabajando ahora\práctica motores\proyectomotor\engine\projects\vs-2019\x64\debug\engine.tlog\lib-link.write.1.tlog
c:\users\pccom\documents\trabajando ahora\práctica motores\proyectomotor\engine\projects\vs-2019\x64\debug\engine.tlog\lib.command.1.tlog
